2024-01-30T03:11:06.950Z    +47ms [debug] Config loaded {"version":"2.40.0","cdkVersion":"2.124.0","constructsVersion":"10.3.0","config":{"name":"kenascam","region":"ap-southeast-1","stage":"staging","ssmPrefix":"/sst/kenascam/staging/"},"metafile":{"inputs":{"sst.config.ts":{"bytes":216,"imports":[{"path":"sst/constructs","kind":"import-statement","external":true}],"format":"esm"}},"outputs":{".sst.config.1706584266911.mjs":{"imports":[],"exports":["default"],"entryPoint":"sst.config.ts","inputs":{"sst.config.ts":{"bytesInOutput":122}},"bytes":304}}},"paths":{"config":"/Users/fhroslan/dev/kenascam/sst.config.ts","root":"/Users/fhroslan/dev/kenascam","out":"/Users/fhroslan/dev/kenascam/.sst","artifacts":"/Users/fhroslan/dev/kenascam/.sst/artifacts"}}
2024-01-30T03:11:08.076Z  +1126ms [debug] Using AWS profile 
2024-01-30T03:11:08.078Z     +2ms [debug] Created AWS client IoTClient
2024-01-30T03:11:08.078Z     +0ms [debug] Getting IoT endpoint
2024-01-30T03:11:08.140Z    +62ms [debug] Synthesizing stacks...
2024-01-30T03:11:08.147Z     +7ms [debug] Created AWS client STSClient
2024-01-30T03:11:08.586Z   +439ms [debug] Using identity Account: 190930221916 User: AROASY5CT7NOCFNGKRXQT:farhanawsconsole
2024-01-30T03:11:08.593Z     +7ms [debug] Generating types in /Users/fhroslan/dev/kenascam/.sst/types
2024-01-30T03:11:08.726Z   +133ms [debug] Running 1 deferred tasks with concurrency: 11
2024-01-30T03:11:08.785Z    +59ms [debug] Initializing bootstrap context
2024-01-30T03:11:08.787Z     +2ms [debug] Created AWS client CloudFormationClient
2024-01-30T03:11:08.946Z   +159ms [debug] Loaded bootstrap status
2024-01-30T03:11:08.946Z     +0ms [debug] Bootstrap context initialized {"status":"ready","version":"7.3","bucket":"sstbootstrap-apsoutheast1ed77e74f-zsyiwupnl8bk"}
2024-01-30T03:11:09.026Z    +80ms [debug] 
2024-01-30T03:11:09.026Z     +0ms [debug] Loading v2 AWS SDK
2024-01-30T03:11:09.026Z     +0ms [debug] Finished synthesizing
2024-01-30T03:11:09.034Z     +8ms [debug] Using IoT endpoint: adtmy7yw22v22-ats.iot.ap-southeast-1.amazonaws.com
2024-01-30T03:11:09.035Z     +1ms [debug] Created AWS client S3Client
2024-01-30T03:11:09.206Z   +171ms [debug] Created AWS client LambdaClient
2024-01-30T03:11:09.241Z    +35ms [debug] IoT connected
2024-01-30T03:11:09.406Z   +165ms [debug] Failed to assume arn:aws:iam::190930221916:role/staging-kenascam-Site-siteServerFunctionServiceRole-Mp4L8mBcEuo2. {"name":"AccessDenied","$fault":"client","$metadata":{"httpStatusCode":403,"requestId":"df633bba-b757-4fb9-9ebb-9bf22e674adc","attempts":1,"totalRetryDelay":0},"Type":"Sender","Code":"AccessDenied","message":"User: arn:aws:sts::190930221916:assumed-role/AWSReservedSSO_AdministratorAccess_8b65f361b5475f43/farhanawsconsole is not authorized to perform: sts:AssumeRole on resource: arn:aws:iam::190930221916:role/staging-kenascam-Site-siteServerFunctionServiceRole-Mp4L8mBcEuo2"}
2024-01-30T03:35:47.178Z +1477772ms [debug] IoT closed
2024-01-30T03:35:48.178Z  +1000ms [debug] IoT reconnecting...
2024-01-30T03:35:48.378Z   +200ms [debug] IoT connected
2024-01-30T03:35:48.636Z   +258ms [debug] IoT error {"errno":-54,"code":"ECONNRESET","syscall":"write"}
2024-01-30T03:35:48.636Z     +0ms [debug] IoT closed
2024-01-30T03:35:50.639Z  +2003ms [debug] IoT reconnecting...
2024-01-30T03:35:50.842Z   +203ms [debug] IoT connected
2024-01-30T03:40:31.818Z +280976ms [debug] IoT closed
2024-01-30T03:40:32.819Z  +1001ms [debug] IoT reconnecting...
2024-01-30T03:40:33.024Z   +205ms [debug] IoT connected
2024-01-30T03:40:33.276Z   +252ms [debug] IoT error {"errno":-54,"code":"ECONNRESET","syscall":"write"}
2024-01-30T03:40:33.277Z     +1ms [debug] IoT closed
2024-01-30T03:40:35.278Z  +2001ms [debug] IoT reconnecting...
2024-01-30T03:40:35.493Z   +215ms [debug] IoT connected
2024-01-30T04:32:15.229Z +3099736ms [debug] IoT closed
2024-01-30T04:32:16.231Z  +1002ms [debug] IoT reconnecting...
2024-01-30T04:32:16.396Z   +165ms [debug] IoT connected
2024-01-30T04:32:16.650Z   +254ms [debug] IoT error {"errno":-54,"code":"ECONNRESET","syscall":"write"}
2024-01-30T04:32:16.651Z     +1ms [debug] IoT closed
2024-01-30T04:32:18.658Z  +2007ms [debug] IoT reconnecting...
2024-01-30T04:32:18.837Z   +179ms [debug] IoT connected
2024-01-30T05:05:24.876Z +1986039ms [debug] IoT closed
2024-01-30T05:05:25.875Z   +999ms [debug] IoT reconnecting...
2024-01-30T05:05:26.063Z   +188ms [debug] IoT connected
2024-01-30T05:08:15.880Z +169817ms [debug] IoT error {"errno":-54,"code":"ECONNRESET","syscall":"read","type":"error","target":{"_events":{},"_eventsCount":0,"readyState":3,"bytesReceived":13,"extensions":null,"protocol":"mqttv3.1","_binaryType":"arraybuffer","_closeFrameReceived":false,"_closeFrameSent":false,"_closeMessage":"","_closeTimer":null,"_finalized":true,"_closeCode":1006,"_receiver":null,"_sender":null,"_socket":null,"_ultron":null,"protocolVersion":13,"_isServer":false,"url":"wss://adtmy7yw22v22-ats.iot.ap-southeast-1.amazonaws.com/mqtt?X-Amz-Algorithm=AWS4-HMAC-SHA256&X-Amz-Credential=ASIASY5CT7NOHDJCVQFD%2F20240130%2Fap-southeast-1%2Fiotdevicegateway%2Faws4_request&X-Amz-Date=20240130T050525Z&X-Amz-SignedHeaders=host&X-Amz-Signature=0e85654088c480806b0e5f69bc8a813059a0f5aff4f9d608700f110caad2b3ba&X-Amz-Security-Token=IQoJb3JpZ2luX2VjEEMaDmFwLXNvdXRoZWFzdC0xIkcwRQIgAnmH76RWXnwJ1FKXuAvaUwkrwf9UUwwSlHQoTF1czNECIQDqzIkFtya1013H9cLT2fh7S1VXqYs3%2FkqU2WNd3aUmkiqTAwj8%2F%2F%2F%2F%2F%2F%2F%2F%2F%2F8BEAEaDDE5MDkzMDIyMTkxNiIMPiBYjRtlwf0%2F%2FlBkKucC26OXpLWJjP2v33Kf7CNaryyWLDXFxBOHpRniHWxCslp2AaZ6gRRq0DtW8OLQ2l8rS4Ea7wOrm1vfBs50otLMeiZLBakP7CfI4SJVPYMPnkiWo3j7brkZaDbxzz7WwxnTyT%2Fh1ePgFwl9r9A8eaHXSaIcC6DYtaZuZ8Ayq8cfuwNlsVE8At8LHgkdG50teY9eFEM4Ry91OjfX5CJHhJS2Ga%2F1malmI0rYYwymqaWz4E6ODTpZkiQyNE0lGH0VBhTuh8Zn%2BUDsbHcYD%2B4yeoajByGdhonEfIV9ztkXFm%2BgSStJl2Df%2BIARmqWRxMV%2BxljKeibXiJOpglSv%2Bu8Za3%2F2kEtTPAgMvQq9eCT61r%2BKafN17ixJqL%2F9wcXfnBsXpCEXSwq9MEWUYGQFri6qeXkljhJd5%2BUX%2BnyylHgQOtxCX0ubr8hkoC%2F0MwHwhwSVJpYGG00oA7Ea0klBP2FWJDqLpFmXEbGr76swzNHhrQY6pgF1tFPX7d1MrmJlhO0r8nDtENv8DoQD3m1hfzPsi5zqHxfad4MbxRYay3LZiY3dh%2B4o3BDSSFGq%2F8GtYvrzl%2B7Gmd4lPPodhfBBZ0pv0tj9eL3NgLoKQ9ER1eAqzg6rdOyECnLMZNu4YFPEj2esw57ffx2Q58utHlrXLMjML4ICGz%2BMKQnJSuEjOgDEfYatjG13Cvhw8zUaHw8tsTvFfpevoDOE1ILc","_req":null}}
2024-01-30T05:08:15.880Z     +0ms [debug] IoT closed
2024-01-30T05:08:16.879Z   +999ms [debug] IoT reconnecting...
2024-01-30T05:08:17.103Z   +224ms [debug] IoT connected
2024-01-30T05:08:17.356Z   +253ms [debug] IoT error {"errno":-54,"code":"ECONNRESET","syscall":"write"}
2024-01-30T05:08:17.357Z     +1ms [debug] IoT closed
2024-01-30T05:08:19.356Z  +1999ms [debug] IoT reconnecting...
2024-01-30T05:08:19.542Z   +186ms [debug] IoT connected
